2025-08-05 13:38:13,418 [INFO] Activator:176 - 


2025-08-05 13:38:13,420 [INFO] Activator:177 - !SESSION log4j initialized
2025-08-05 13:38:21,954 [INFO] LogOutputStream:77 - [STDOUT_REDIRECT] 
2025-08-05 13:38:25,343 [INFO] ApplicationProperties:184 - Using Application install path: C:\ST\STM32CubeIDE_1.18.0\STM32CubeIDE\plugins\com.st.stm32cube.common.mx_6.14.0.202502271554
2025-08-05 13:38:25,365 [INFO] DbMcusXml:78 - Set database path to: C:\ST\STM32CubeIDE_1.18.0\STM32CubeIDE\plugins\com.st.stm32cube.common.mx_6.14.0.202502271554\\db\/mcu/
2025-08-05 13:38:25,366 [INFO] ApiDb:274 - Set plugin database path to: C:\ST\STM32CubeIDE_1.18.0\STM32CubeIDE\plugins\com.st.stm32cube.common.mx_6.14.0.202502271554\\db\/plugins/boardmanager/
2025-08-05 13:38:25,374 [WARN] ApiDb:259 - Overriding images path with different value:  => C:\ST\STM32CubeIDE_1.18.0\STM32CubeIDE\plugins\com.st.stm32cube.common.mx_6.14.0.202502271554\\db\/plugins/mcufinder/images/
2025-08-05 13:38:25,386 [INFO] ApiDb:250 - Set database path to: C:\Users\armin\.stmcufinder\plugins\mcufinder//mcu/
2025-08-05 13:38:25,387 [INFO] DbMcusAds:125 - Set database path to: C:\Users\armin\.stmcufinder\plugins\mcufinder//mcu/
2025-08-05 13:38:25,391 [INFO] CrossReferenceDbSqlite:203 - Set database path to: C:\Users\armin\.stmcufinder\plugins\mcufinder//mcu/cs/
2025-08-05 13:38:25,620 [INFO] RulesReader:64 - Compatibility file has been processed (301 Rules)
2025-08-05 13:38:25,794 [INFO] DbMcusXml:78 - Set database path to: C:\ST\STM32CubeIDE_1.18.0\STM32CubeIDE\plugins\com.st.stm32cube.common.mx_6.14.0.202502271554\\db\/mcu/
2025-08-05 13:38:25,794 [INFO] ApiDb:274 - Set plugin database path to: C:\ST\STM32CubeIDE_1.18.0\STM32CubeIDE\plugins\com.st.stm32cube.common.mx_6.14.0.202502271554\\db\/plugins/boardmanager/
2025-08-05 13:38:25,795 [INFO] ApiDb:261 - Set plugin images path to: C:\ST\STM32CubeIDE_1.18.0\STM32CubeIDE\plugins\com.st.stm32cube.common.mx_6.14.0.202502271554\\db\/plugins/mcufinder/images/
2025-08-05 13:38:25,795 [WARN] DbFile:41 - Overriding database path with different value: C:\Users\armin\.stmcufinder\plugins\mcufinder/ => C:\Users\armin\.stmcufinder\plugins\mcufinder
2025-08-05 13:38:25,795 [INFO] ApiDb:250 - Set database path to: C:\Users\armin\.stmcufinder\plugins\mcufinder//mcu/
2025-08-05 13:38:25,795 [WARN] DbFile:41 - Overriding database path with different value: C:\Users\armin\.stmcufinder\plugins\mcufinder/ => C:\Users\armin\.stmcufinder\plugins\mcufinder
2025-08-05 13:38:25,795 [INFO] DbMcusAds:125 - Set database path to: C:\Users\armin\.stmcufinder\plugins\mcufinder//mcu/
2025-08-05 13:38:25,795 [WARN] DbFile:41 - Overriding database path with different value: C:\Users\armin\.stmcufinder\plugins\mcufinder/ => C:\Users\armin\.stmcufinder\plugins\mcufinder
2025-08-05 13:38:25,796 [WARN] DbFile:41 - Overriding database path with different value: C:\Users\armin\.stmcufinder\plugins\mcufinder/ => C:\Users\armin\.stmcufinder\plugins\mcufinder
2025-08-05 13:38:25,796 [INFO] CrossReferenceDbSqlite:203 - Set database path to: C:\Users\armin\.stmcufinder\plugins\mcufinder//mcu/cs/
2025-08-05 13:38:25,936 [INFO] MainPanel:272 - HeapMemory: 268435456
2025-08-05 13:38:26,159 [INFO] DbMcusXml:78 - Set database path to: C:\ST\STM32CubeIDE_1.18.0\STM32CubeIDE\plugins\com.st.stm32cube.common.mx_6.14.0.202502271554\\db\/mcu/
2025-08-05 13:38:26,160 [INFO] ApiDb:274 - Set plugin database path to: C:\ST\STM32CubeIDE_1.18.0\STM32CubeIDE\plugins\com.st.stm32cube.common.mx_6.14.0.202502271554\\db\/plugins/boardmanager/
2025-08-05 13:38:26,160 [INFO] ApiDb:261 - Set plugin images path to: C:\ST\STM32CubeIDE_1.18.0\STM32CubeIDE\plugins\com.st.stm32cube.common.mx_6.14.0.202502271554\\db\/plugins/mcufinder/images/
2025-08-05 13:38:26,161 [WARN] DbFile:41 - Overriding database path with different value: C:\Users\armin\.stmcufinder\plugins\mcufinder/ => C:\Users\armin\.stmcufinder\plugins\mcufinder
2025-08-05 13:38:26,161 [INFO] ApiDb:250 - Set database path to: C:\Users\armin\.stmcufinder\plugins\mcufinder//mcu/
2025-08-05 13:38:26,161 [WARN] DbFile:41 - Overriding database path with different value: C:\Users\armin\.stmcufinder\plugins\mcufinder/ => C:\Users\armin\.stmcufinder\plugins\mcufinder
2025-08-05 13:38:26,161 [INFO] DbMcusAds:125 - Set database path to: C:\Users\armin\.stmcufinder\plugins\mcufinder//mcu/
2025-08-05 13:38:26,161 [WARN] DbFile:41 - Overriding database path with different value: C:\Users\armin\.stmcufinder\plugins\mcufinder/ => C:\Users\armin\.stmcufinder\plugins\mcufinder
2025-08-05 13:38:26,162 [WARN] DbFile:41 - Overriding database path with different value: C:\Users\armin\.stmcufinder\plugins\mcufinder/ => C:\Users\armin\.stmcufinder\plugins\mcufinder
2025-08-05 13:38:26,162 [INFO] CrossReferenceDbSqlite:203 - Set database path to: C:\Users\armin\.stmcufinder\plugins\mcufinder//mcu/cs/
2025-08-05 13:38:26,193 [INFO] ApplicationProperties:184 - Using Application install path: C:\ST\STM32CubeIDE_1.18.0\STM32CubeIDE\plugins\com.st.stm32cube.common.mx_6.14.0.202502271554
2025-08-05 13:38:26,195 [INFO] PluginManage:196 - Search for loadable plugins [exclusion list=, ]
2025-08-05 13:38:26,198 [INFO] PluginManage:310 - Check plugin analytics
2025-08-05 13:38:26,540 [INFO] AnalyticsPlugin:253 - Accepted Software Licenses: STM32CubeMX.6.14.1
2025-08-05 13:38:26,541 [INFO] AnalyticsPlugin:255 - Accepted CMSIS Pack Licenses: Infineon.AIROC-Wi-Fi-Bluetooth-STM32.1.5.1,portGmbH.I-Cube-SoM-uGOAL.1.1.0,wolfSSL.I-CUBE-wolfTPM.3.2.0,STMicroelectronics.X-CUBE-WB05N.2.0.0
2025-08-05 13:38:26,541 [INFO] AnalyticsPlugin:257 - Accepted Firmware Licenses: FW.WB.1.22.0,FW.WB0.1.2.0
2025-08-05 13:38:26,545 [INFO] PluginManage:359 - Loaded plugin analytics (category:tool,tabindex:-1)
2025-08-05 13:38:26,546 [INFO] PluginManage:310 - Check plugin cadmodel
2025-08-05 13:38:26,554 [INFO] CADModel:105 - Init CAD model plugin
2025-08-05 13:38:26,554 [INFO] PluginManage:359 - Loaded plugin cadmodel (category:power,tabindex:5)
2025-08-05 13:38:26,554 [INFO] PluginManage:310 - Check plugin clock
2025-08-05 13:38:26,569 [INFO] PluginManage:359 - Loaded plugin clock (category:base,tabindex:2)
2025-08-05 13:38:26,570 [INFO] PluginManage:310 - Check plugin ddr
2025-08-05 13:38:26,575 [INFO] PluginManage:359 - Loaded plugin ddr (category:tool,tabindex:6)
2025-08-05 13:38:26,575 [INFO] PluginManage:310 - Check plugin filemanager
2025-08-05 13:38:26,812 [INFO] PluginManage:359 - Loaded plugin filemanager (category:base,tabindex:10)
2025-08-05 13:38:26,813 [INFO] PluginManage:310 - Check plugin ipmanager
2025-08-05 13:38:26,827 [INFO] PluginManage:359 - Loaded plugin ipmanager (category:base,tabindex:5)
2025-08-05 13:38:26,827 [INFO] PluginManage:310 - Check plugin lpbam
2025-08-05 13:38:26,841 [INFO] PluginManage:359 - Loaded plugin lpbam (category:base,tabindex:0)
2025-08-05 13:38:26,841 [INFO] PluginManage:310 - Check plugin memorymap
2025-08-05 13:38:26,861 [INFO] PluginManage:359 - Loaded plugin memorymap (category:base,tabindex:4)
2025-08-05 13:38:26,861 [INFO] PluginManage:310 - Check plugin pinoutandconfiguration
2025-08-05 13:38:26,874 [INFO] PluginManage:359 - Loaded plugin pinoutandconfiguration (category:base,tabindex:1)
2025-08-05 13:38:26,874 [INFO] PluginManage:310 - Check plugin pinoutconfig
2025-08-05 13:38:27,042 [WARN] SupportedApi:132 - Cannot load RTOS API schema: s4s-elt-must-match.1: The content of 'definitions' must match (annotation?, (simpleType | complexType)?, (unique | key | keyref)*)). A problem was found starting at: attribute.
2025-08-05 13:38:27,275 [INFO] PluginManage:359 - Loaded plugin pinoutconfig (category:base,tabindex:0)
2025-08-05 13:38:27,276 [INFO] PluginManage:310 - Check plugin power
2025-08-05 13:38:27,290 [INFO] PluginManage:359 - Loaded plugin power (category:power,tabindex:4)
2025-08-05 13:38:27,290 [INFO] PluginManage:310 - Check plugin projectmanager
2025-08-05 13:38:27,315 [INFO] PluginManage:359 - Loaded plugin projectmanager (category:projectmanager,tabindex:4)
2025-08-05 13:38:27,316 [INFO] PluginManage:310 - Check plugin rif
2025-08-05 13:38:27,325 [INFO] PluginManage:359 - Loaded plugin rif (category:base,tabindex:3)
2025-08-05 13:38:27,326 [INFO] PluginManage:310 - Check plugin thirdparty
2025-08-05 13:38:27,530 [WARN] IntegrityCheckThread:84 - waiting for thirdparty lock release [integrity check]
2025-08-05 13:38:27,531 [INFO] IntegrityCheckThread:86 - entering critical section [integrity check]
2025-08-05 13:38:27,531 [INFO] PluginManage:359 - Loaded plugin thirdparty (category:base,tabindex:-1)
2025-08-05 13:38:27,531 [INFO] PluginManage:310 - Check plugin tools
2025-08-05 13:38:27,531 [INFO] ThirdPartyUpdaterWithRetryManager:70 - Updater plugin not ready yet. [1/15]
2025-08-05 13:38:27,535 [INFO] PluginManage:359 - Loaded plugin tools (category:base,tabindex:7)
2025-08-05 13:38:27,535 [INFO] PluginManage:310 - Check plugin tutovideos
2025-08-05 13:38:27,786 [INFO] PluginManage:359 - Loaded plugin tutovideos (category:base,tabindex:-1)
2025-08-05 13:38:27,788 [INFO] PluginManage:310 - Check plugin updater
2025-08-05 13:38:27,814 [INFO] PluginManage:359 - Loaded plugin updater (category:base,tabindex:12)
2025-08-05 13:38:27,814 [INFO] PluginManage:310 - Check plugin userauth
2025-08-05 13:38:27,820 [INFO] UserAuth:118 - Init User Auth plugin
2025-08-05 13:38:27,821 [INFO] PluginManage:359 - Loaded plugin userauth (category:base,tabindex:14)
2025-08-05 13:38:27,821 [INFO] PluginManage:283 - PluginManage : Loaded plugins [18]
2025-08-05 13:38:28,205 [INFO] PinOutPanel:1589 - setPackage(No Configuration,No Configuration)
2025-08-05 13:38:28,362 [INFO] CADModel:165 - CPN selected for project level
2025-08-05 13:38:28,363 [INFO] CADModel:114 - Register for checkConnection events
2025-08-05 13:38:28,394 [INFO] IPUIPlugin:80 - create IPUIPlugin
2025-08-05 13:38:28,395 [INFO] PluginManager:220 - loadIPPluginJar : add adc
2025-08-05 13:38:28,400 [INFO] IPUIPlugin:80 - create IPUIPlugin
2025-08-05 13:38:28,400 [INFO] PluginManager:220 - loadIPPluginJar : add aes
2025-08-05 13:38:28,407 [INFO] IPUIPlugin:80 - create IPUIPlugin
2025-08-05 13:38:28,407 [INFO] PluginManager:220 - loadIPPluginJar : add can
2025-08-05 13:38:28,411 [INFO] IPUIPlugin:80 - create IPUIPlugin
2025-08-05 13:38:28,411 [INFO] PluginManager:220 - loadIPPluginJar : add comp
2025-08-05 13:38:28,415 [INFO] IPUIPlugin:80 - create IPUIPlugin
2025-08-05 13:38:28,415 [INFO] PluginManager:220 - loadIPPluginJar : add cryp
2025-08-05 13:38:28,421 [INFO] IPUIPlugin:80 - create IPUIPlugin
2025-08-05 13:38:28,421 [INFO] PluginManager:220 - loadIPPluginJar : add ddr_ctrl_phy
2025-08-05 13:38:28,426 [INFO] IPUIPlugin:80 - create IPUIPlugin
2025-08-05 13:38:28,426 [INFO] PluginManager:220 - loadIPPluginJar : add dfsdm
2025-08-05 13:38:28,438 [INFO] IPUIPlugin:80 - create IPUIPlugin
2025-08-05 13:38:28,439 [INFO] PluginManager:220 - loadIPPluginJar : add dma
2025-08-05 13:38:28,444 [INFO] IPUIPlugin:80 - create IPUIPlugin
2025-08-05 13:38:28,444 [INFO] PluginManager:220 - loadIPPluginJar : add dma3
2025-08-05 13:38:28,449 [INFO] IPUIPlugin:80 - create IPUIPlugin
2025-08-05 13:38:28,449 [INFO] PluginManager:220 - loadIPPluginJar : add extmemmanager
2025-08-05 13:38:28,453 [INFO] IPUIPlugin:80 - create IPUIPlugin
2025-08-05 13:38:28,453 [INFO] PluginManager:220 - loadIPPluginJar : add fatfs
2025-08-05 13:38:28,462 [INFO] IPUIPlugin:80 - create IPUIPlugin
2025-08-05 13:38:28,462 [INFO] PluginManager:220 - loadIPPluginJar : add fmc
2025-08-05 13:38:28,473 [INFO] IPUIPlugin:80 - create IPUIPlugin
2025-08-05 13:38:28,474 [INFO] PluginManager:220 - loadIPPluginJar : add freertos
2025-08-05 13:38:28,476 [INFO] IPUIPlugin:80 - create IPUIPlugin
2025-08-05 13:38:28,476 [INFO] PluginManager:220 - loadIPPluginJar : add genericplugin
2025-08-05 13:38:28,480 [INFO] IPUIPlugin:80 - create IPUIPlugin
2025-08-05 13:38:28,480 [INFO] PluginManager:220 - loadIPPluginJar : add gfxmmu
2025-08-05 13:38:28,489 [INFO] IPUIPlugin:80 - create IPUIPlugin
2025-08-05 13:38:28,489 [INFO] PluginManager:220 - loadIPPluginJar : add gic
2025-08-05 13:38:28,495 [INFO] IPUIPlugin:80 - create IPUIPlugin
2025-08-05 13:38:28,496 [INFO] PluginManager:220 - loadIPPluginJar : add gpio
2025-08-05 13:38:28,502 [INFO] IPUIPlugin:80 - create IPUIPlugin
2025-08-05 13:38:28,503 [INFO] PluginManager:220 - loadIPPluginJar : add gtzc
2025-08-05 13:38:28,507 [INFO] IPUIPlugin:80 - create IPUIPlugin
2025-08-05 13:38:28,507 [INFO] PluginManager:220 - loadIPPluginJar : add hash
2025-08-05 13:38:28,511 [INFO] IPUIPlugin:80 - create IPUIPlugin
2025-08-05 13:38:28,512 [INFO] PluginManager:220 - loadIPPluginJar : add i2c
2025-08-05 13:38:28,517 [INFO] IPUIPlugin:80 - create IPUIPlugin
2025-08-05 13:38:28,517 [INFO] PluginManager:220 - loadIPPluginJar : add i2s
2025-08-05 13:38:28,524 [INFO] IPUIPlugin:80 - create IPUIPlugin
2025-08-05 13:38:28,524 [INFO] PluginManager:220 - loadIPPluginJar : add i3c
2025-08-05 13:38:28,528 [INFO] IPUIPlugin:80 - create IPUIPlugin
2025-08-05 13:38:28,529 [INFO] PluginManager:220 - loadIPPluginJar : add ipddr
2025-08-05 13:38:28,540 [INFO] IPUIPlugin:80 - create IPUIPlugin
2025-08-05 13:38:28,541 [INFO] PluginManager:220 - loadIPPluginJar : add linkedlist
2025-08-05 13:38:28,545 [INFO] IPUIPlugin:80 - create IPUIPlugin
2025-08-05 13:38:28,545 [INFO] PluginManager:220 - loadIPPluginJar : add lorawan
2025-08-05 13:38:28,547 [INFO] IPUIPlugin:80 - create IPUIPlugin
2025-08-05 13:38:28,547 [INFO] PluginManager:220 - loadIPPluginJar : add ltdc
2025-08-05 13:38:28,556 [INFO] IPUIPlugin:80 - create IPUIPlugin
2025-08-05 13:38:28,557 [INFO] PluginManager:220 - loadIPPluginJar : add mdma
2025-08-05 13:38:28,561 [INFO] IPUIPlugin:80 - create IPUIPlugin
2025-08-05 13:38:28,561 [INFO] PluginManager:220 - loadIPPluginJar : add nvic
2025-08-05 13:38:28,566 [INFO] IPUIPlugin:80 - create IPUIPlugin
2025-08-05 13:38:28,567 [INFO] PluginManager:220 - loadIPPluginJar : add opamp
2025-08-05 13:38:28,573 [INFO] IPUIPlugin:80 - create IPUIPlugin
2025-08-05 13:38:28,573 [INFO] PluginManager:220 - loadIPPluginJar : add openamp
2025-08-05 13:38:28,577 [INFO] IPUIPlugin:80 - create IPUIPlugin
2025-08-05 13:38:28,577 [INFO] PluginManager:220 - loadIPPluginJar : add pdm2pcm
2025-08-05 13:38:28,589 [INFO] IPUIPlugin:80 - create IPUIPlugin
2025-08-05 13:38:28,593 [INFO] PluginManager:220 - loadIPPluginJar : add plateformsettings
2025-08-05 13:38:28,595 [INFO] IPUIPlugin:80 - create IPUIPlugin
2025-08-05 13:38:28,596 [INFO] PluginManager:220 - loadIPPluginJar : add quadspi
2025-08-05 13:38:28,599 [INFO] IPUIPlugin:80 - create IPUIPlugin
2025-08-05 13:38:28,601 [INFO] PluginManager:220 - loadIPPluginJar : add radio
2025-08-05 13:38:28,607 [INFO] IPUIPlugin:80 - create IPUIPlugin
2025-08-05 13:38:28,607 [INFO] PluginManager:220 - loadIPPluginJar : add resmgrutility
2025-08-05 13:38:28,613 [INFO] IPUIPlugin:80 - create IPUIPlugin
2025-08-05 13:38:28,614 [INFO] PluginManager:220 - loadIPPluginJar : add sai
2025-08-05 13:38:28,619 [INFO] IPUIPlugin:80 - create IPUIPlugin
2025-08-05 13:38:28,619 [INFO] PluginManager:220 - loadIPPluginJar : add spi
2025-08-05 13:38:28,630 [INFO] IPUIPlugin:80 - create IPUIPlugin
2025-08-05 13:38:28,630 [INFO] PluginManager:220 - loadIPPluginJar : add stm32_wpan
2025-08-05 13:38:28,635 [INFO] IPUIPlugin:80 - create IPUIPlugin
2025-08-05 13:38:28,635 [INFO] PluginManager:220 - loadIPPluginJar : add tim
2025-08-05 13:38:28,641 [INFO] IPUIPlugin:80 - create IPUIPlugin
2025-08-05 13:38:28,641 [INFO] PluginManager:220 - loadIPPluginJar : add touchsensing
2025-08-05 13:38:28,644 [INFO] IPUIPlugin:80 - create IPUIPlugin
2025-08-05 13:38:28,645 [INFO] PluginManager:220 - loadIPPluginJar : add tracer_emb
2025-08-05 13:38:28,648 [INFO] IPUIPlugin:80 - create IPUIPlugin
2025-08-05 13:38:28,648 [INFO] PluginManager:220 - loadIPPluginJar : add ts
2025-08-05 13:38:28,652 [INFO] IPUIPlugin:80 - create IPUIPlugin
2025-08-05 13:38:28,652 [INFO] PluginManager:220 - loadIPPluginJar : add tsc
2025-08-05 13:38:28,655 [INFO] IPUIPlugin:80 - create IPUIPlugin
2025-08-05 13:38:28,655 [INFO] PluginManager:220 - loadIPPluginJar : add ucpd
2025-08-05 13:38:28,660 [INFO] IPUIPlugin:80 - create IPUIPlugin
2025-08-05 13:38:28,660 [INFO] PluginManager:220 - loadIPPluginJar : add usart
2025-08-05 13:38:28,667 [INFO] IPUIPlugin:80 - create IPUIPlugin
2025-08-05 13:38:28,667 [INFO] PluginManager:220 - loadIPPluginJar : add usbx
2025-08-05 13:38:28,898 [FATAL] Updater:351 - Updater called before beeing initialized
2025-08-05 13:38:28,941 [INFO] RulesReader:64 - Compatibility file has been processed (301 Rules)
2025-08-05 13:38:28,955 [INFO] RulesReader:64 - Compatibility file has been processed (301 Rules)
2025-08-05 13:38:28,966 [INFO] CADModel:165 - CPN selected for project level
2025-08-05 13:38:28,967 [INFO] CADModel:114 - Register for checkConnection events
2025-08-05 13:38:28,967 [FATAL] Updater:351 - Updater called before beeing initialized
2025-08-05 13:38:28,967 [ERROR] CADModel:125 - Updater not yet initialized, retry later 
2025-08-05 13:38:29,582 [FATAL] Updater:351 - Updater called before beeing initialized
2025-08-05 13:38:29,585 [INFO] CADModel:165 - CPN selected for project level
2025-08-05 13:38:29,586 [INFO] CADModel:114 - Register for checkConnection events
2025-08-05 13:38:29,586 [FATAL] Updater:351 - Updater called before beeing initialized
2025-08-05 13:38:29,586 [ERROR] CADModel:125 - Updater not yet initialized, retry later 
2025-08-05 13:38:29,591 [FATAL] Updater:351 - Updater called before beeing initialized
2025-08-05 13:38:29,840 [FATAL] Updater:351 - Updater called before beeing initialized
2025-08-05 13:38:29,847 [INFO] DbMcusAds:53 - JSON generation date=Tue Jul 08 17:44:23 ACST 2025 (1751962463593)
2025-08-05 13:38:29,848 [FATAL] Updater:351 - Updater called before beeing initialized
2025-08-05 13:38:29,904 [WARN] DetailPanel:346 - Failed to get advertising image, set to default
2025-08-05 13:38:30,313 [FATAL] Updater:351 - Updater called before beeing initialized
2025-08-05 13:38:30,315 [FATAL] Updater:351 - Updater called before beeing initialized
2025-08-05 13:38:30,315 [FATAL] Updater:351 - Updater called before beeing initialized
2025-08-05 13:38:30,315 [WARN] DetailPanel:346 - Failed to get advertising image, set to default
2025-08-05 13:38:30,316 [FATAL] Updater:351 - Updater called before beeing initialized
2025-08-05 13:38:30,450 [ERROR] Updater:1198 - MainUpdater not yet initialized. External WinMGr cannot be set.
2025-08-05 13:38:30,456 [INFO] Updater:1134 - Updater Version found : 6.14.0
2025-08-05 13:38:30,480 [INFO] ApplicationProperties:184 - Using Application install path: C:\ST\STM32CubeIDE_1.18.0\STM32CubeIDE\plugins\com.st.stm32cube.common.mx_6.14.0.202502271554
2025-08-05 13:38:30,532 [INFO] ThirdPartyUpdaterWithRetryManager:70 - Updater plugin not ready yet. [2/15]
2025-08-05 13:38:31,094 [INFO] MainUpdater:2872 - connection check result : 10
2025-08-05 13:38:31,095 [INFO] MainUpdater:289 - Updater Check For Update Now.
2025-08-05 13:38:31,095 [INFO] MicroXplorer:498 - Change Database Version : DB.6.0.140
2025-08-05 13:38:31,108 [INFO] McuFinderGlobals:63 - Set McuFinder mode to 2 (CubeIDE integrated)
2025-08-05 13:38:31,109 [INFO] UserAuth:486 - Internet connection configuration mode: 1
2025-08-05 13:38:31,166 [INFO] JxBrowserEngine:152 - Initiate JxBrowser Engine with user profile folder
2025-08-05 13:38:31,396 [INFO] CheckServerUpdateThread:120 - End of CheckServer Thread
2025-08-05 13:38:32,748 [INFO] WebApp:169 - Instantiating new browser for Auth
2025-08-05 13:38:34,117 [WARN] PackLoader:240 - Cannot read IP mode file for STMicroelectronics.FP-SNS-MOTENVWB1.1.4.0
2025-08-05 13:38:34,138 [WARN] PackLoader:240 - Cannot read IP mode file for STMicroelectronics.FP-ATR-ASTRA1.2.0.2
2025-08-05 13:38:34,146 [WARN] PackLoader:240 - Cannot read IP mode file for STMicroelectronics.FP-ATR-ASTRA1.2.0.1
2025-08-05 13:38:34,166 [WARN] PackLoader:240 - Cannot read IP mode file for STMicroelectronics.X-CUBE-SMBUS.2.1.0
2025-08-05 13:38:34,181 [WARN] PackLoader:240 - Cannot read IP mode file for STMicroelectronics.X-CUBE-WB05N.1.1.0
2025-08-05 13:38:34,195 [WARN] PackLoader:240 - Cannot read IP mode file for STMicroelectronics.X-CUBE-ST60.1.0.0
2025-08-05 13:38:34,204 [INFO] WebApp:463 - Apply proxy settings
2025-08-05 13:38:34,207 [INFO] WebApp:548 - Chromium requires no authentication
2025-08-05 13:38:34,208 [WARN] PackLoader:240 - Cannot read IP mode file for STMicroelectronics.X-CUBE-TOUCHGFX.4.23.0
2025-08-05 13:38:34,234 [INFO] WebApp:491 - Direct internet connection detected
2025-08-05 13:38:34,268 [WARN] PackLoader:240 - Cannot read IP mode file for STMicroelectronics.X-CUBE-AZRTOS-F7.1.1.0
2025-08-05 13:38:34,290 [WARN] PackLoader:240 - Cannot read IP mode file for STMicroelectronics.FP-SNS-MOTENV1.4.3.2
2025-08-05 13:38:34,301 [ERROR] RealEvaluatedCondition:428 - Found unsupported composite condition: GROUP='STM32_MetaDataManager' CLASS='Data Exchange'
2025-08-05 13:38:34,301 [ERROR] RealEvaluatedCondition:428 - Found unsupported composite condition: GROUP='STM32_MetaDataManager' CLASS='Data Exchange'
2025-08-05 13:38:34,304 [WARN] PackLoader:240 - Cannot read IP mode file for STMicroelectronics.FP-SNS-MOTENV1.4.3.1
2025-08-05 13:38:34,316 [WARN] PackLoader:240 - Cannot read IP mode file for STMicroelectronics.FP-SNS-FLIGHT1.5.0.1
2025-08-05 13:38:34,337 [INFO] WebApp:894 - Register for checkConnection events
2025-08-05 13:38:34,337 [INFO] WebApp:463 - Apply proxy settings
2025-08-05 13:38:34,337 [INFO] WebApp:548 - Chromium requires no authentication
2025-08-05 13:38:34,339 [INFO] WebApp:491 - Direct internet connection detected
2025-08-05 13:38:34,446 [WARN] PackLoader:240 - Cannot read IP mode file for STMicroelectronics.X-CUBE-MEMS1.11.0.0
2025-08-05 13:38:34,698 [WARN] PackLoader:240 - Cannot read IP mode file for STMicroelectronics.X-CUBE-BLE1.6.2.4
2025-08-05 13:38:34,704 [WARN] PackLoader:240 - Cannot read IP mode file for STMicroelectronics.FP-SNS-FLIGHT1.5.0.2
2025-08-05 13:38:34,743 [WARN] PackLoader:240 - Cannot read IP mode file for STMicroelectronics.X-CUBE-AZRTOS-H7.3.4.0
2025-08-05 13:38:34,764 [WARN] PackLoader:240 - Cannot read IP mode file for STMicroelectronics.X-CUBE-DISPLAY.3.0.0
2025-08-05 13:38:35,032 [WARN] PackLoader:240 - Cannot read IP mode file for STMicroelectronics.X-CUBE-BLE1.7.0.0
2025-08-05 13:38:35,050 [INFO] WebApp:191 - Connection restablished
2025-08-05 13:38:35,054 [WARN] PackLoader:240 - Cannot read IP mode file for STMicroelectronics.X-CUBE-NFC10.1.0.0
2025-08-05 13:38:35,083 [WARN] PackLoader:240 - Cannot read IP mode file for STMicroelectronics.X-CUBE-BLEMGR.4.0.0
2025-08-05 13:38:35,097 [WARN] PackLoader:240 - Cannot read IP mode file for STMicroelectronics.X-CUBE-TOUCHGFX.4.22.1
2025-08-05 13:38:35,120 [WARN] PackLoader:240 - Cannot read IP mode file for STMicroelectronics.X-CUBE-BLEMGR.3.1.0
2025-08-05 13:38:35,135 [WARN] PackLoader:240 - Cannot read IP mode file for STMicroelectronics.X-CUBE-AI.10.0.0
2025-08-05 13:38:35,148 [ERROR] Engine:466 - C:\Users\armin\.stm32cubemx\thirdparties\pdsc\STMicroelectronics.FP-SNS-STBOX1.2.1.0.pdsc: PDSC version is not supported
2025-08-05 13:38:35,185 [WARN] PackLoader:240 - Cannot read IP mode file for STMicroelectronics.FP-SNS-SMARTAG2.1.2.0
2025-08-05 13:38:35,199 [WARN] PackLoader:240 - Cannot read IP mode file for STMicroelectronics.FP-SNS-FLIGHT1.5.1.0
2025-08-05 13:38:35,247 [INFO] WebApp:225 - Starting web application
2025-08-05 13:38:35,249 [INFO] WebApp:593 - Web application path used C:\ST\STM32CubeIDE_1.18.0\STM32CubeIDE\plugins\com.st.stm32cube.common.mx_6.14.0.202502271554\db\plugins\mcufinder\reactClient1\index.html
2025-08-05 13:38:35,375 [WARN] PackLoader:240 - Cannot read IP mode file for STMicroelectronics.X-CUBE-MEMS1.11.1.0
2025-08-05 13:38:35,632 [INFO] LogOutputStream:77 - [STDOUT_REDIRECT] 1 : Invalid condition id : UX_CORESTACK_Condition cause : null
2025-08-05 13:38:35,635 [INFO] LogOutputStream:77 - [STDOUT_REDIRECT] 1 : Invalid condition id : UX_CORESTACK_Condition cause : null
2025-08-05 13:38:35,640 [INFO] UserAuth:486 - Internet connection configuration mode: 1
2025-08-05 13:38:35,640 [INFO] LogOutputStream:77 - [STDOUT_REDIRECT] 1 : Invalid condition id : UX_CORESTACK_Condition cause : null
2025-08-05 13:38:35,644 [INFO] LogOutputStream:77 - [STDOUT_REDIRECT] 1 : Invalid condition id : UX_CORESTACK_Condition cause : null
2025-08-05 13:38:35,648 [INFO] LogOutputStream:77 - [STDOUT_REDIRECT] 1 : Invalid condition id : UX_CORESTACK_Condition cause : null
2025-08-05 13:38:35,657 [WARN] PackLoader:240 - Cannot read IP mode file for STMicroelectronics.X-CUBE-AZRTOS-WL.2.0.0
2025-08-05 13:38:35,673 [WARN] PackLoader:240 - Cannot read IP mode file for STMicroelectronics.FP-SNS-MOTENV1.5.0.0
2025-08-05 13:38:35,690 [WARN] PackLoader:240 - Cannot read IP mode file for wolfSSL.I-CUBE-wolfMQTT.1.19.0
2025-08-05 13:38:35,715 [WARN] PackLoader:240 - Cannot read IP mode file for WES.I-CUBE-Cesium.1.3.0
2025-08-05 13:38:35,728 [WARN] PackLoader:240 - Cannot read IP mode file for STMicroelectronics.X-CUBE-BLE2.3.3.0
2025-08-05 13:38:35,741 [WARN] PackLoader:240 - Cannot read IP mode file for STMicroelectronics.X-CUBE-DISPLAY.2.2.0
2025-08-05 13:38:35,768 [WARN] PackLoader:240 - Cannot read IP mode file for STMicroelectronics.X-CUBE-TOF1.3.2.0
2025-08-05 13:38:35,807 [WARN] PackLoader:240 - Cannot read IP mode file for STMicroelectronics.X-CUBE-NFC9.1.0.0
2025-08-05 13:38:35,818 [WARN] PackLoader:240 - Cannot read IP mode file for STMicroelectronics.X-CUBE-BLE1.7.1.0
2025-08-05 13:38:35,831 [WARN] PackLoader:240 - Cannot read IP mode file for STMicroelectronics.X-CUBE-TCPP.4.1.0
2025-08-05 13:38:35,849 [WARN] PackLoader:240 - Cannot read IP mode file for STMicroelectronics.X-CUBE-EEPRMA1.5.2.0
2025-08-05 13:38:35,860 [WARN] PackLoader:240 - Cannot read IP mode file for STMicroelectronics.X-CUBE-TOUCHGFX.4.21.1
2025-08-05 13:38:35,963 [WARN] PackLoader:240 - Cannot read IP mode file for STMicroelectronics.X-CUBE-TOUCHGFX.4.21.3
2025-08-05 13:38:35,973 [WARN] PackLoader:240 - Cannot read IP mode file for STMicroelectronics.X-CUBE-TOUCHGFX.4.21.4
2025-08-05 13:38:36,122 [WARN] PackLoader:240 - Cannot read IP mode file for STMicroelectronics.X-CUBE-MEMS1.9.4.0
2025-08-05 13:38:36,303 [WARN] PackLoader:240 - Cannot read IP mode file for STMicroelectronics.X-CUBE-AI.7.3.0
2025-08-05 13:38:36,312 [WARN] PackLoader:240 - Cannot read IP mode file for STMicroelectronics.X-CUBE-AI.10.1.0
2025-08-05 13:38:36,327 [WARN] PackLoader:240 - Cannot read IP mode file for STMicroelectronics.X-CUBE-ALGOBUILD.1.3.0
2025-08-05 13:38:36,419 [WARN] PackLoader:240 - Cannot read IP mode file for STMicroelectronics.X-CUBE-MEMS1.11.2.0
2025-08-05 13:38:36,622 [WARN] PackLoader:240 - Cannot read IP mode file for STMicroelectronics.X-CUBE-AZRTOS-G0.1.1.0
2025-08-05 13:38:36,635 [WARN] PackLoader:240 - Cannot read IP mode file for STMicroelectronics.X-CUBE-SAFEA1.1.2.2
2025-08-05 13:38:36,646 [WARN] PackLoader:240 - Cannot read IP mode file for STMicroelectronics.X-CUBE-NFC4.3.0.0
2025-08-05 13:38:36,664 [WARN] PackLoader:240 - Cannot read IP mode file for EmbeddedOffice.I-CUBE-FS-RTOS.1.0.1
2025-08-05 13:38:36,680 [WARN] PackLoader:240 - Cannot read IP mode file for STMicroelectronics.X-CUBE-WB05N.2.0.0
2025-08-05 13:38:36,759 [WARN] PackLoader:240 - Cannot read IP mode file for STMicroelectronics.X-CUBE-BLEMGR.3.0.0
2025-08-05 13:38:36,775 [WARN] PackLoader:240 - Cannot read IP mode file for STMicroelectronics.X-CUBE-BLEMGR.1.3.0
2025-08-05 13:38:36,786 [WARN] PackLoader:240 - Cannot read IP mode file for STMicroelectronics.X-CUBE-TCPP.4.2.0
2025-08-05 13:38:36,800 [WARN] PackLoader:240 - Cannot read IP mode file for RealThread.X-CUBE-RT-Thread_Nano.4.1.1
2025-08-05 13:38:36,809 [WARN] PackLoader:240 - Cannot read IP mode file for STMicroelectronics.FP-ATR-SIGFOX1.3.2.0
2025-08-05 13:38:36,818 [WARN] ConditionMgr:438 - getConditionDescription Invalid condition id : Cortex-A Device cause : null
2025-08-05 13:38:36,833 [WARN] ConditionMgr:1044 - genDependencies : Invalid condition id : Cortex-A Device cause : null
2025-08-05 13:38:36,834 [WARN] ConditionMgr:1044 - genDependencies : Invalid condition id : Cortex-A Device cause : null
2025-08-05 13:38:36,834 [WARN] ConditionMgr:1044 - genDependencies : Invalid condition id : Cortex-A Device cause : null
2025-08-05 13:38:36,844 [WARN] PackLoader:240 - Cannot read IP mode file for STMicroelectronics.X-CUBE-EEPRMA1.5.1.0
2025-08-05 13:38:36,936 [WARN] PackLoader:240 - Cannot read IP mode file for STMicroelectronics.X-CUBE-MEMS1.9.5.0
2025-08-05 13:38:37,167 [WARN] PackLoader:240 - Cannot read IP mode file for STMicroelectronics.X-CUBE-ST67W61.1.0.0
2025-08-05 13:38:37,176 [WARN] PackLoader:240 - Cannot read IP mode file for STMicroelectronics.X-CUBE-AI.10.2.0
2025-08-05 13:38:37,214 [WARN] PackLoader:240 - Cannot read IP mode file for SEGGER.I-CUBE-embOS.1.3.1
2025-08-05 13:38:37,265 [WARN] PackLoader:240 - Cannot read IP mode file for STMicroelectronics.X-CUBE-ALGOBUILD.1.4.0
2025-08-05 13:38:37,328 [WARN] PackLoader:240 - Cannot read IP mode file for STMicroelectronics.X-CUBE-MEMS1.11.3.0
2025-08-05 13:38:37,485 [WARN] PackLoader:240 - Cannot read IP mode file for SEGGER.I-CUBE-embOS.1.3.0
2025-08-05 13:38:37,526 [WARN] PackLoader:240 - Cannot read IP mode file for STMicroelectronics.X-CUBE-AI.9.1.0
2025-08-05 13:38:37,532 [WARN] PackLoader:240 - Cannot read IP mode file for STMicroelectronics.X-CUBE-PM33A1.1.0.0
2025-08-05 13:38:37,541 [WARN] PackLoader:240 - Cannot read IP mode file for STMicroelectronics.X-CUBE-GNSS1.6.0.0
2025-08-05 13:38:37,561 [WARN] PackLoader:240 - Cannot read IP mode file for STMicroelectronics.X-CUBE-AZRTOS-F4.1.1.0
2025-08-05 13:38:37,571 [WARN] PackLoader:240 - Cannot read IP mode file for Avnet-IotConnect.X-CUBE-IoTC-DA16k-PMOD.1.0.0
2025-08-05 13:38:37,579 [WARN] PackLoader:240 - Cannot read IP mode file for STMicroelectronics.X-CUBE-ISPU.2.1.0
2025-08-05 13:38:37,588 [WARN] PackLoader:240 - Cannot read IP mode file for STMicroelectronics.X-CUBE-FREERTOS.1.2.0
2025-08-05 13:38:37,598 [WARN] PackLoader:240 - Cannot read IP mode file for STMicroelectronics.X-CUBE-NFC12.1.0.0
2025-08-05 13:38:37,618 [WARN] PackLoader:240 - Cannot read IP mode file for STMicroelectronics.X-CUBE-AZRTOS-L5.2.0.0
2025-08-05 13:38:37,665 [WARN] PackLoader:240 - Cannot read IP mode file for STMicroelectronics.X-CUBE-MEMS1.9.6.0
2025-08-05 13:38:37,800 [WARN] PackLoader:240 - Cannot read IP mode file for STMicroelectronics.X-CUBE-EEPRMA1.4.2.0
2025-08-05 13:38:37,816 [WARN] PackLoader:240 - Cannot read IP mode file for STMicroelectronics.X-CUBE-NFC6.3.1.0
2025-08-05 13:38:37,831 [WARN] PackLoader:240 - Cannot read IP mode file for ITTIA_DB.I-CUBE-ITTIADB.8.8.0
2025-08-05 13:38:37,850 [WARN] PackLoader:240 - Cannot read IP mode file for emotas.I-CUBE-CANOPEN.1.1.3
2025-08-05 13:38:37,863 [WARN] PackLoader:240 - Cannot read IP mode file for STMicroelectronics.X-CUBE-BLEMGR.2.0.0
2025-08-05 13:38:37,879 [WARN] PackLoader:240 - Cannot read IP mode file for STMicroelectronics.X-CUBE-DPower.1.2.0
2025-08-05 13:38:37,884 [WARN] PackLoader:240 - Cannot read IP mode file for STMicroelectronics.X-CUBE-AI.9.0.0
2025-08-05 13:38:37,930 [WARN] ConditionMgr:438 - getConditionDescription Invalid condition id : UX DEVICE CLASS RTOS Condition cause : null
2025-08-05 13:38:37,931 [WARN] ConditionMgr:438 - getConditionDescription Invalid condition id : UX DEVICE CLASS RTOS Condition cause : null
2025-08-05 13:38:37,937 [WARN] PackLoader:240 - Cannot read IP mode file for STMicroelectronics.X-CUBE-AZRTOS-H7.3.1.0
2025-08-05 13:38:37,939 [WARN] ConditionMgr:1044 - genDependencies : Invalid condition id : UX DEVICE CLASS RTOS Condition cause : null
2025-08-05 13:38:37,939 [WARN] ConditionMgr:1044 - genDependencies : Invalid condition id : UX DEVICE CLASS RTOS Condition cause : null
2025-08-05 13:38:37,941 [WARN] ConditionMgr:1044 - genDependencies : Invalid condition id : UX DEVICE CLASS RTOS Condition cause : null
2025-08-05 13:38:37,943 [WARN] ConditionMgr:1044 - genDependencies : Invalid condition id : UX DEVICE CLASS RTOS Condition cause : null
2025-08-05 13:38:37,943 [WARN] ConditionMgr:1044 - genDependencies : Invalid condition id : UX DEVICE CLASS RTOS Condition cause : null
2025-08-05 13:38:37,957 [WARN] PackLoader:240 - Cannot read IP mode file for wolfSSL.I-CUBE-wolfSSL.5.5.4
2025-08-05 13:38:37,964 [WARN] PackLoader:240 - Cannot read IP mode file for STMicroelectronics.X-CUBE-FREERTOS.1.3.1
2025-08-05 13:38:37,972 [WARN] PackLoader:240 - Cannot read IP mode file for STMicroelectronics.X-CUBE-FREERTOS.1.3.0
2025-08-05 13:38:37,984 [WARN] PackLoader:240 - Cannot read IP mode file for STMicroelectronics.X-CUBE-NFC7.1.0.1
2025-08-05 13:38:37,991 [WARN] PackLoader:240 - Cannot read IP mode file for STMicroelectronics.X-CUBE-NFC7.1.0.0
2025-08-05 13:38:37,999 [WARN] PackLoader:240 - Cannot read IP mode file for wolfSSL.I-CUBE-wolfTPM.3.2.0
2025-08-05 13:38:38,046 [WARN] PackLoader:240 - Cannot read IP mode file for STMicroelectronics.X-CUBE-NFC6.3.0.0
2025-08-05 13:38:38,052 [WARN] PackLoader:240 - Cannot read IP mode file for STMicroelectronics.X-CUBE-EEPRMA1.4.1.0
2025-08-05 13:38:38,061 [WARN] PackLoader:240 - Cannot read IP mode file for STMicroelectronics.FP-SNS-STAIOTCFT.1.0.0
2025-08-05 13:38:38,067 [WARN] PackLoader:240 - Cannot read IP mode file for STMicroelectronics.X-CUBE-DPower.1.3.0
2025-08-05 13:38:38,073 [WARN] PackLoader:240 - Cannot read IP mode file for STMicroelectronics.X-CUBE-AI.8.1.0
2025-08-05 13:38:38,096 [WARN] ConditionMgr:438 - getConditionDescription Invalid condition id : LAN8742 Phy interface Condition cause : null
2025-08-05 13:38:38,097 [WARN] PackLoader:240 - Cannot read IP mode file for STMicroelectronics.X-CUBE-AZRTOS-L4.2.0.0
2025-08-05 13:38:38,098 [WARN] ConditionMgr:1044 - genDependencies : Invalid condition id : LAN8742 Phy interface Condition cause : null
2025-08-05 13:38:38,098 [WARN] ConditionMgr:1044 - genDependencies : Invalid condition id : LAN8742 Phy interface Condition cause : null
2025-08-05 13:38:38,099 [WARN] ConditionMgr:1044 - genDependencies : Invalid condition id : LAN8742 Phy interface Condition cause : null
2025-08-05 13:38:38,111 [WARN] PackLoader:240 - Cannot read IP mode file for STMicroelectronics.X-CUBE-SFXS2LP1.4.0.0
2025-08-05 13:38:38,117 [WARN] PackLoader:240 - Cannot read IP mode file for STMicroelectronics.X-CUBE-TOUCHGFX.4.14.0
2025-08-05 13:38:38,200 [WARN] PackLoader:240 - Cannot read IP mode file for STMicroelectronics.X-CUBE-AZRTOS-H7.3.0.0
2025-08-05 13:38:38,211 [WARN] PackLoader:240 - Cannot read IP mode file for STMicroelectronics.X-CUBE-ISPU.1.1.0
2025-08-05 13:38:38,239 [WARN] PackLoader:240 - Cannot read IP mode file for STMicroelectronics.X-CUBE-AZRTOS-H7.3.3.0
2025-08-05 13:38:38,256 [WARN] PackLoader:240 - Cannot read IP mode file for RoweBots.I-CUBE-UNISONRTOS.5.5.0-4
2025-08-05 13:38:38,280 [WARN] PackLoader:240 - Cannot read IP mode file for STMicroelectronics.X-CUBE-BLEMGR.4.1.0
2025-08-05 13:38:38,290 [WARN] PackLoader:240 - Cannot read IP mode file for STMicroelectronics.X-CUBE-AI.8.0.0
2025-08-05 13:38:38,305 [WARN] PackLoader:240 - Cannot read IP mode file for STMicroelectronics.X-CUBE-IPS.3.0.0
2025-08-05 13:38:38,331 [WARN] ConditionMgr:438 - getConditionDescription Invalid condition id : UX DEVICE CLASS RTOS Condition cause : null
2025-08-05 13:38:38,331 [WARN] ConditionMgr:438 - getConditionDescription Invalid condition id : UX DEVICE CLASS RTOS Condition cause : null
2025-08-05 13:38:38,334 [WARN] PackLoader:240 - Cannot read IP mode file for STMicroelectronics.X-CUBE-AZRTOS-WB.2.0.0
2025-08-05 13:38:38,335 [WARN] ConditionMgr:1044 - genDependencies : Invalid condition id : UX DEVICE CLASS RTOS Condition cause : null
2025-08-05 13:38:38,335 [WARN] ConditionMgr:1044 - genDependencies : Invalid condition id : UX DEVICE CLASS RTOS Condition cause : null
2025-08-05 13:38:38,336 [WARN] ConditionMgr:1044 - genDependencies : Invalid condition id : UX DEVICE CLASS RTOS Condition cause : null
2025-08-05 13:38:38,338 [WARN] ConditionMgr:1044 - genDependencies : Invalid condition id : UX DEVICE CLASS RTOS Condition cause : null
2025-08-05 13:38:38,338 [WARN] ConditionMgr:1044 - genDependencies : Invalid condition id : UX DEVICE CLASS RTOS Condition cause : null
2025-08-05 13:38:38,346 [WARN] PackLoader:240 - Cannot read IP mode file for STMicroelectronics.X-CUBE-FREERTOS.1.0.0
2025-08-05 13:38:38,352 [WARN] PackLoader:240 - Cannot read IP mode file for STMicroelectronics.X-CUBE-FREERTOS.1.0.1
2025-08-05 13:38:38,360 [WARN] PackLoader:240 - Cannot read IP mode file for STMicroelectronics.X-CUBE-GNSS1.7.0.0
2025-08-05 13:38:38,368 [WARN] PackLoader:240 - Cannot read IP mode file for STMicroelectronics.X-CUBE-GNSS1.7.0.1
2025-08-05 13:38:38,375 [WARN] PackLoader:240 - Cannot read IP mode file for STMicroelectronics.X-CUBE-TOUCHGFX.4.25.0
2025-08-05 13:38:38,385 [WARN] PackLoader:240 - Cannot read IP mode file for STMicroelectronics.FP-SNS-STBOX1.2.0.0
2025-08-05 13:38:38,411 [WARN] PackLoader:240 - Cannot read IP mode file for STMicroelectronics.X-CUBE-AZRTOS-L5.1.1.0
2025-08-05 13:38:38,421 [WARN] PackLoader:240 - Cannot read IP mode file for STMicroelectronics.X-CUBE-AI.8.0.1
2025-08-05 13:38:38,436 [WARN] PackLoader:240 - Cannot read IP mode file for STMicroelectronics.X-CUBE-SUBG2.5.0.0
2025-08-05 13:38:38,479 [WARN] PackLoader:240 - Cannot read IP mode file for STMicroelectronics.X-CUBE-AZRTOS-H7RS.1.1.0
2025-08-05 13:38:38,495 [WARN] PackLoader:240 - Cannot read IP mode file for Cesanta.I-CUBE-Mongoose.7.13.0
2025-08-05 13:38:38,511 [WARN] PackLoader:240 - Cannot read IP mode file for STMicroelectronics.X-CUBE-TOF1.3.3.1
2025-08-05 13:38:38,543 [WARN] PackLoader:240 - Cannot read IP mode file for STMicroelectronics.X-CUBE-AZRTOS-G4.2.0.0
2025-08-05 13:38:38,560 [WARN] PackLoader:240 - Cannot read IP mode file for STMicroelectronics.X-CUBE-TOF1.3.3.0
2025-08-05 13:38:38,575 [WARN] PackLoader:240 - Cannot read IP mode file for STMicroelectronics.FP-ATR-ASTRA1.1.1.1
2025-08-05 13:38:38,604 [WARN] PackLoader:240 - Cannot read IP mode file for Infineon.AIROC-Wi-Fi-Bluetooth-STM32.1.5.1
2025-08-05 13:38:38,701 [WARN] PackLoader:240 - Cannot read IP mode file for STMicroelectronics.X-CUBE-NFC7.2.0.0
2025-08-05 13:38:38,708 [WARN] PackLoader:240 - Cannot read IP mode file for STMicroelectronics.FP-SNS-MOTENVWB1.1.3.1
2025-08-05 13:38:38,726 [WARN] PackLoader:240 - Cannot read IP mode file for STMicroelectronics.X-CUBE-AZRTOS-G4.1.0.0
2025-08-05 13:38:38,751 [WARN] PackLoader:240 - Cannot read IP mode file for STMicroelectronics.X-CUBE-AZRTOS-L4.1.0.0
2025-08-05 13:38:38,761 [WARN] PackLoader:240 - Cannot read IP mode file for STMicroelectronics.X-CUBE-ISPU.2.0.0
2025-08-05 13:38:38,778 [WARN] PackLoader:240 - Cannot read IP mode file for STMicroelectronics.X-CUBE-IPS.3.1.0
2025-08-05 13:38:38,795 [WARN] PackLoader:240 - Cannot read IP mode file for STMicroelectronics.X-CUBE-ALS.1.0.2
2025-08-05 13:38:38,883 [WARN] PackLoader:240 - Cannot read IP mode file for STMicroelectronics.X-CUBE-MEMS1.10.0.0
2025-08-05 13:38:39,084 [WARN] PackLoader:240 - Cannot read IP mode file for STMicroelectronics.X-CUBE-FREERTOS.1.1.0
2025-08-05 13:38:39,092 [WARN] PackLoader:240 - Cannot read IP mode file for STMicroelectronics.X-CUBE-TOUCHGFX.4.24.0
2025-08-05 13:38:39,098 [WARN] PackLoader:240 - Cannot read IP mode file for STMicroelectronics.X-CUBE-TOUCHGFX.4.24.2
2025-08-05 13:38:39,114 [WARN] PackLoader:240 - Cannot read IP mode file for STMicroelectronics.X-CUBE-AZRTOS-WL.1.0.0
2025-08-05 13:38:39,122 [WARN] PackLoader:240 - Cannot read IP mode file for STMicroelectronics.X-CUBE-TOUCHGFX.4.24.1
2025-08-05 13:38:39,136 [WARN] PackLoader:240 - Cannot read IP mode file for portGmbH.I-Cube-SoM-uGOAL.1.1.0
2025-08-05 13:38:39,196 [WARN] PackLoader:240 - Cannot read IP mode file for STMicroelectronics.X-CUBE-ALS.1.0.1
2025-08-05 13:38:39,223 [WARN] PackLoader:240 - Cannot read IP mode file for STMicroelectronics.X-CUBE-AZRTOS-WB.1.1.0
2025-08-05 13:38:39,258 [WARN] PackLoader:240 - Cannot read IP mode file for STMicroelectronics.X-CUBE-AZRTOS-H7RS.1.0.0
2025-08-05 13:38:39,268 [WARN] PackLoader:240 - Cannot read IP mode file for STMicroelectronics.FP-ATR-ASTRA1.2.0.0
2025-08-05 13:38:39,284 [WARN] PackLoader:240 - Cannot read IP mode file for STMicroelectronics.X-CUBE-TOF1.3.4.2
2025-08-05 13:38:39,311 [WARN] PackLoader:240 - Cannot read IP mode file for STMicroelectronics.X-CUBE-TOF1.3.4.3
2025-08-05 13:38:39,341 [WARN] PackLoader:240 - Cannot read IP mode file for STMicroelectronics.X-CUBE-TOF1.3.4.0
2025-08-05 13:38:39,394 [WARN] PackLoader:240 - Cannot read IP mode file for STMicroelectronics.X-CUBE-TOF1.3.4.1
2025-08-05 13:38:39,451 [WARN] PackLoader:240 - Cannot read IP mode file for STMicroelectronics.X-CUBE-AZRTOS-H7.3.2.0
2025-08-05 13:38:39,463 [WARN] PackLoader:240 - Cannot read IP mode file for wolfSSL.I-CUBE-wolfSSH.1.4.17
2025-08-05 13:38:39,465 [INFO] ThirdParty:978 - Integrity check success = true
2025-08-05 13:38:39,465 [INFO] IntegrityCheckThread:100 - exiting critical section [integrity check]
2025-08-05 13:38:39,465 [INFO] IntegrityCheckThread:103 - End integrity checks thread
2025-08-05 14:47:28,906 [ERROR] LogOutputStream:75 - [STDERR_REDIRECT] 
